<?xml version="1.0" encoding="UTF-8"?>
<!-- Generated by org.testng.reporters.JUnitXMLReporter -->
<testsuite ignored="2" hostname="NSK-DT-LEN-1" failures="0" tests="8" name="Test" time="3.84" errors="0" timestamp="2024-10-25T18:33:21 IST">
  <testcase classname="testCases.LoginTest_01" name="getTitle" time="0.023"/>
  <testcase classname="testCases.OrderProduct_Test02" name="selectDropdown" time="1.15"/>
  <testcase classname="testCases.OrderProduct_Test02" name="addProductToCart" time="0.001"/>
  <testcase classname="testCases.OrderProduct_Test02" name="clickonCart" time="0.035"/>
  <testcase classname="testCases.OrderProduct_Test02" name="checkout" time="0.039"/>
  <testcase classname="testCases.OrderProduct_Test02" name="information" time="0.166"/>
  <testcase classname="testCases.OrderProduct_Test02" name="paymentInform" time="0.019"/>
  <testcase classname="testCases.OrderProduct_Test02" name="finish" time="0.032"/>
  <testcase classname="basePackage.BaseClass" name="@BeforeSuite setup" time="0.0">
    <ignored/>
  </testcase> <!-- @BeforeSuite setup -->
  <testcase classname="basePackage.BaseClass" name="@AfterSuite tearDown" time="0.0">
    <ignored/>
  </testcase> <!-- @AfterSuite tearDown -->
</testsuite> <!-- Test -->
