<?xml version="1.0" encoding="UTF-8"?>
<testng-results ignored="2" total="10" passed="8" failed="0" skipped="0">
  <reporter-output>
  </reporter-output>
  <suite started-at="2024-10-25T18:33:17 IST" name="Suite" finished-at="2024-10-25T18:33:21 IST" duration-ms="3840">
    <groups>
    </groups>
    <test started-at="2024-10-25T18:33:17 IST" name="Test" finished-at="2024-10-25T18:33:21 IST" duration-ms="3840">
      <class name="testCases.LoginTest_01">
        <test-method is-config="true" signature="setup()[pri:0, instance:testCases.LoginTest_01@6af9fcb2]" started-at="2024-10-25T18:33:15 IST" name="setup" finished-at="2024-10-25T18:33:17 IST" duration-ms="1861" status="PASS">
          <reporter-output>
          </reporter-output>
        </test-method> <!-- setup -->
        <test-method is-config="true" signature="LoginTest()[pri:0, instance:testCases.LoginTest_01@6af9fcb2]" started-at="2024-10-25T18:33:17 IST" name="LoginTest" finished-at="2024-10-25T18:33:17 IST" duration-ms="198" status="PASS">
          <reporter-output>
          </reporter-output>
        </test-method> <!-- LoginTest -->
        <test-method signature="getTitle()[pri:1, instance:testCases.LoginTest_01@6af9fcb2]" started-at="2024-10-25T18:33:17 IST" name="getTitle" finished-at="2024-10-25T18:33:17 IST" duration-ms="23" status="PASS">
          <reporter-output>
          </reporter-output>
        </test-method> <!-- getTitle -->
        <test-method is-config="true" signature="Logout()[pri:0, instance:testCases.LoginTest_01@6af9fcb2]" started-at="2024-10-25T18:33:18 IST" name="Logout" finished-at="2024-10-25T18:33:21 IST" duration-ms="2154" status="PASS">
          <reporter-output>
          </reporter-output>
        </test-method> <!-- Logout -->
        <test-method is-config="true" signature="tearDown()[pri:0, instance:testCases.LoginTest_01@6af9fcb2]" started-at="2024-10-25T18:33:21 IST" name="tearDown" finished-at="2024-10-25T18:33:21 IST" duration-ms="172" status="PASS">
          <reporter-output>
          </reporter-output>
        </test-method> <!-- tearDown -->
      </class> <!-- testCases.LoginTest_01 -->
      <class name="testCases.OrderProduct_Test02">
        <test-method signature="selectDropdown()[pri:2, instance:testCases.OrderProduct_Test02@73cd37c0]" started-at="2024-10-25T18:33:17 IST" name="selectDropdown" finished-at="2024-10-25T18:33:18 IST" duration-ms="1150" status="PASS">
          <reporter-output>
          </reporter-output>
        </test-method> <!-- selectDropdown -->
        <test-method signature="addProductToCart()[pri:3, instance:testCases.OrderProduct_Test02@73cd37c0]" started-at="2024-10-25T18:33:18 IST" name="addProductToCart" finished-at="2024-10-25T18:33:18 IST" duration-ms="1" status="PASS">
          <reporter-output>
          </reporter-output>
        </test-method> <!-- addProductToCart -->
        <test-method signature="clickonCart()[pri:4, instance:testCases.OrderProduct_Test02@73cd37c0]" started-at="2024-10-25T18:33:18 IST" name="clickonCart" finished-at="2024-10-25T18:33:18 IST" duration-ms="35" status="PASS">
          <reporter-output>
          </reporter-output>
        </test-method> <!-- clickonCart -->
        <test-method signature="checkout()[pri:5, instance:testCases.OrderProduct_Test02@73cd37c0]" started-at="2024-10-25T18:33:18 IST" name="checkout" finished-at="2024-10-25T18:33:18 IST" duration-ms="39" status="PASS">
          <reporter-output>
          </reporter-output>
        </test-method> <!-- checkout -->
        <test-method signature="information()[pri:6, instance:testCases.OrderProduct_Test02@73cd37c0]" started-at="2024-10-25T18:33:18 IST" name="information" finished-at="2024-10-25T18:33:18 IST" duration-ms="166" status="PASS">
          <reporter-output>
          </reporter-output>
        </test-method> <!-- information -->
        <test-method signature="paymentInform()[pri:7, instance:testCases.OrderProduct_Test02@73cd37c0]" started-at="2024-10-25T18:33:18 IST" name="paymentInform" finished-at="2024-10-25T18:33:18 IST" duration-ms="19" status="PASS">
          <reporter-output>
          </reporter-output>
        </test-method> <!-- paymentInform -->
        <test-method signature="finish()[pri:8, instance:testCases.OrderProduct_Test02@73cd37c0]" started-at="2024-10-25T18:33:18 IST" name="finish" finished-at="2024-10-25T18:33:18 IST" duration-ms="32" status="PASS">
          <reporter-output>
          </reporter-output>
        </test-method> <!-- finish -->
      </class> <!-- testCases.OrderProduct_Test02 -->
    </test> <!-- Test -->
  </suite> <!-- Suite -->
</testng-results>
