<?xml version="1.0" encoding="UTF-8"?>
<testsuite xmlns:xsi="http://www.w3.org/2001/XMLSchema-instance" xsi:noNamespaceSchemaLocation="https://maven.apache.org/surefire/maven-surefire-plugin/xsd/surefire-test-report-3.0.xsd" version="3.0" name="TestSuite" time="6.526" tests="8" errors="0" skipped="0" failures="0">
  <properties>
[...]
</properties>
  <testcase name="getTitle" classname="testCases.LoginTest_01" time="0.029">
    <system-out><![CDATA[[Configuration] [WARN] Detected a static method [basePackage.BaseClass.setup()]. Static configuration methods can cause  unexpected behavior.
[Configuration] [WARN] Detected a static method [basePackage.BaseClass.setup()]. Static configuration methods can cause  unexpected behavior.
Swag Labs
]]></system-out>
    <system-err><![CDATA[Oct 25, 2024 6:33:16 PM org.openqa.selenium.devtools.CdpVersionFinder findNearestMatch
WARNING: Unable to find an exact match for CDP version 130, returning the closest version; found: 129; Please update to a Selenium version that supports CDP version 130
]]></system-err>
  </testcase>
  <testcase name="selectDropdown" classname="testCases.OrderProduct_Test02" time="1.14"/>
  <testcase name="addProductToCart" classname="testCases.OrderProduct_Test02" time="0"/>
  <testcase name="clickonCart" classname="testCases.OrderProduct_Test02" time="0.035"/>
  <testcase name="checkout" classname="testCases.OrderProduct_Test02" time="0.038"/>
  <testcase name="information" classname="testCases.OrderProduct_Test02" time="0.167"/>
  <testcase name="paymentInform" classname="testCases.OrderProduct_Test02" time="0.02">
    <system-out><![CDATA[SauceCard #31337
]]></system-out>
  </testcase>
  <testcase name="finish" classname="testCases.OrderProduct_Test02" time="0.033"/>
</testsuite>